[04-Dec-2025 06:56:48 UTC] PHP Warning:  ZipArchive::extractTo(C:\moodledata/lang/zh_tw/block_my_courses.php): Failed to open stream: No such file or directory in C:\Apache24\htdocs\moodle\lib\filestorage\zip_archive.php on line 276
[04-Dec-2025 06:56:58 UTC] PHP Fatal error:  Uncaught lang_installer_exception: 無法將檔案解壓縮 (zh_tw) in C:\Apache24\htdocs\moodle\lib\componentlib.class.php:813
Stack trace:
#0 C:\Apache24\htdocs\moodle\lib\componentlib.class.php(667): lang_installer->install_language_pack()
#1 C:\Apache24\htdocs\moodle\install.php(377): lang_installer->run()
#2 {main}
  thrown in C:\Apache24\htdocs\moodle\lib\componentlib.class.php on line 813
[04-Dec-2025 07:01:21 UTC] PHP Warning:  mysqli::__construct(): (HY000/2054): The server requested authentication method unknown to the client [auth_gssapi_client] in C:\Apache24\htdocs\moodle\lib\dml\mysqli_native_moodle_database.php on line 91
[04-Dec-2025 07:14:55 UTC] PHP Warning:  rename(C:\moodledata/cache/cachestore_file/default_application/core_config/162-cache/.693134ef2a3f11.74681225.temp,C:\moodledata/cache/cachestore_file/default_application/core_config/162-cache/162e97bafdadb1c2b7fb93f3c7fa4984b59e38ea.cache): 存取被拒。 (code: 5) in C:\Apache24\htdocs\moodle\cache\stores\file\lib.php on line 920
[05-Dec-2025 06:41:35 UTC] PHP Warning:  PHP Request Startup: open_basedir restriction in effect. File(C:/php/temp) is not within the allowed path(s): (C:/Apache24/htdocs;C:/moodledata) in Unknown on line 0
[05-Dec-2025 06:41:35 UTC] PHP Warning:  File upload error - unable to create a temporary file in Unknown on line 0
[05-Dec-2025 06:41:40 UTC] PHP Warning:  PHP Request Startup: open_basedir restriction in effect. File(C:/php/temp) is not within the allowed path(s): (C:/Apache24/htdocs;C:/moodledata) in Unknown on line 0
[05-Dec-2025 06:41:40 UTC] PHP Warning:  File upload error - unable to create a temporary file in Unknown on line 0
[05-Dec-2025 07:12:57 UTC] PHP Notice:  PHP Request Startup: file created in the system's temporary directory in Unknown on line 0
[05-Dec-2025 07:14:55 UTC] PHP Notice:  PHP Request Startup: file created in the system's temporary directory in Unknown on line 0
[05-Dec-2025 07:16:20 UTC] PHP Notice:  PHP Request Startup: file created in the system's temporary directory in Unknown on line 0
[05-Dec-2025 07:22:11 UTC] PHP Notice:  PHP Request Startup: file created in the system's temporary directory in Unknown on line 0
[05-Dec-2025 08:05:42 UTC] PHP Notice:  PHP Request Startup: file created in the system's temporary directory in Unknown on line 0
[05-Dec-2025 08:08:38 UTC] PHP Notice:  PHP Request Startup: file created in the system's temporary directory in Unknown on line 0
[05-Dec-2025 08:16:00 UTC] PHP Warning:  require_once(C:\Apache24\htdocs\moodleC:/Apache24/htdocs/moodle/config.php): Failed to open stream: No such file or directory in C:\Apache24\htdocs\moodle\update_question_scores.php on line 3
[05-Dec-2025 08:16:00 UTC] PHP Fatal error:  Uncaught Error: Failed opening required 'C:\Apache24\htdocs\moodleC:/Apache24/htdocs/moodle/config.php' (include_path='.;C:\php\pear') in C:\Apache24\htdocs\moodle\update_question_scores.php:3
Stack trace:
#0 {main}
  thrown in C:\Apache24\htdocs\moodle\update_question_scores.php on line 3
[05-Dec-2025 08:16:02 UTC] PHP Warning:  require_once(C:\Apache24\htdocs\moodleC:/Apache24/htdocs/moodle/config.php): Failed to open stream: No such file or directory in C:\Apache24\htdocs\moodle\update_question_scores.php on line 3
[05-Dec-2025 08:16:02 UTC] PHP Fatal error:  Uncaught Error: Failed opening required 'C:\Apache24\htdocs\moodleC:/Apache24/htdocs/moodle/config.php' (include_path='.;C:\php\pear') in C:\Apache24\htdocs\moodle\update_question_scores.php:3
Stack trace:
#0 {main}
  thrown in C:\Apache24\htdocs\moodle\update_question_scores.php on line 3
[05-Dec-2025 08:16:07 UTC] PHP Warning:  require_once(C:\Apache24\htdocs\moodleC:/Apache24/htdocs/moodle/config.php): Failed to open stream: No such file or directory in C:\Apache24\htdocs\moodle\update_question_scores.php on line 3
[05-Dec-2025 08:16:07 UTC] PHP Fatal error:  Uncaught Error: Failed opening required 'C:\Apache24\htdocs\moodleC:/Apache24/htdocs/moodle/config.php' (include_path='.;C:\php\pear') in C:\Apache24\htdocs\moodle\update_question_scores.php:3
Stack trace:
#0 {main}
  thrown in C:\Apache24\htdocs\moodle\update_question_scores.php on line 3
[05-Dec-2025 08:16:09 UTC] PHP Warning:  require_once(C:\Apache24\htdocs\moodleC:/Apache24/htdocs/moodle/config.php): Failed to open stream: No such file or directory in C:\Apache24\htdocs\moodle\update_question_scores.php on line 3
[05-Dec-2025 08:16:09 UTC] PHP Fatal error:  Uncaught Error: Failed opening required 'C:\Apache24\htdocs\moodleC:/Apache24/htdocs/moodle/config.php' (include_path='.;C:\php\pear') in C:\Apache24\htdocs\moodle\update_question_scores.php:3
Stack trace:
#0 {main}
  thrown in C:\Apache24\htdocs\moodle\update_question_scores.php on line 3
[05-Dec-2025 08:16:15 UTC] PHP Warning:  require_once(C:\Apache24\htdocs\moodleC:/Apache24/htdocs/moodle/config.php): Failed to open stream: No such file or directory in C:\Apache24\htdocs\moodle\update_question_scores.php on line 3
[05-Dec-2025 08:16:15 UTC] PHP Fatal error:  Uncaught Error: Failed opening required 'C:\Apache24\htdocs\moodleC:/Apache24/htdocs/moodle/config.php' (include_path='.;C:\php\pear') in C:\Apache24\htdocs\moodle\update_question_scores.php:3
Stack trace:
#0 {main}
  thrown in C:\Apache24\htdocs\moodle\update_question_scores.php on line 3
[05-Dec-2025 08:20:53 UTC] PHP Notice:  PHP Request Startup: file created in the system's temporary directory in Unknown on line 0
[05-Dec-2025 08:23:37 UTC] PHP Notice:  PHP Request Startup: file created in the system's temporary directory in Unknown on line 0
[08-Dec-2025 03:01:39 UTC] PHP Warning:  Undefined array key "id" in C:\Apache24\htdocs\index.php on line 38
[08-Dec-2025 03:01:40 UTC] PHP Warning:  Undefined array key 0 in C:\Apache24\htdocs\index.php on line 77
[08-Dec-2025 03:01:40 UTC] PHP Warning:  Trying to access array offset on value of type null in C:\Apache24\htdocs\index.php on line 77
[08-Dec-2025 03:01:40 UTC] PHP Fatal error:  Uncaught TypeError: Cannot access offset of type string on string in C:\Apache24\htdocs\index.php:142
Stack trace:
#0 {main}
  thrown in C:\Apache24\htdocs\index.php on line 142
[08-Dec-2025 03:02:05 UTC] PHP Warning:  Undefined array key 0 in C:\Apache24\htdocs\index.php on line 77
[08-Dec-2025 03:02:05 UTC] PHP Warning:  Trying to access array offset on value of type null in C:\Apache24\htdocs\index.php on line 77
[08-Dec-2025 03:02:05 UTC] PHP Fatal error:  Uncaught TypeError: Cannot access offset of type string on string in C:\Apache24\htdocs\index.php:142
Stack trace:
#0 {main}
  thrown in C:\Apache24\htdocs\index.php on line 142
[08-Dec-2025 03:02:46 UTC] PHP Warning:  Undefined array key 0 in C:\Apache24\htdocs\index.php on line 77
[08-Dec-2025 03:02:46 UTC] PHP Warning:  Trying to access array offset on value of type null in C:\Apache24\htdocs\index.php on line 77
[08-Dec-2025 03:02:46 UTC] PHP Fatal error:  Uncaught TypeError: Cannot access offset of type string on string in C:\Apache24\htdocs\index.php:142
Stack trace:
#0 {main}
  thrown in C:\Apache24\htdocs\index.php on line 142
[08-Dec-2025 03:03:12 UTC] PHP Warning:  Undefined array key "id" in C:\Apache24\htdocs\index.php on line 38
[08-Dec-2025 03:03:12 UTC] PHP Warning:  Undefined array key 0 in C:\Apache24\htdocs\index.php on line 77
[08-Dec-2025 03:03:12 UTC] PHP Warning:  Trying to access array offset on value of type null in C:\Apache24\htdocs\index.php on line 77
[08-Dec-2025 03:03:12 UTC] PHP Fatal error:  Uncaught TypeError: Cannot access offset of type string on string in C:\Apache24\htdocs\index.php:142
Stack trace:
#0 {main}
  thrown in C:\Apache24\htdocs\index.php on line 142
[08-Dec-2025 03:09:28 UTC] PHP Warning:  Undefined array key 0 in C:\Apache24\htdocs\index.php on line 77
[08-Dec-2025 03:09:28 UTC] PHP Warning:  Trying to access array offset on value of type null in C:\Apache24\htdocs\index.php on line 77
[08-Dec-2025 03:09:28 UTC] PHP Fatal error:  Uncaught TypeError: Cannot access offset of type string on string in C:\Apache24\htdocs\index.php:142
Stack trace:
#0 {main}
  thrown in C:\Apache24\htdocs\index.php on line 142
[08-Dec-2025 03:10:55 UTC] PHP Warning:  Undefined array key "id" in C:\Apache24\htdocs\index.php on line 38
[08-Dec-2025 03:17:46 UTC] PHP Warning:  Undefined array key "id" in C:\Apache24\htdocs\index.php on line 27
[08-Dec-2025 11:17:46 Asia/Taipei] [client 0:0:0:0:0:0:0:1]  http://localhost/moodle  Invalid Login Token:  student1  Mozilla/5.0 (Windows NT 10.0; Win64; x64) AppleWebKit/537.36 (KHTML, like Gecko) Chrome/142.0.0.0 Safari/537.36 Edg/142.0.0.0
[08-Dec-2025 03:17:57 UTC] PHP Warning:  Undefined array key "id" in C:\Apache24\htdocs\index.php on line 27
[08-Dec-2025 11:17:57 Asia/Taipei] [client 0:0:0:0:0:0:0:1]  http://localhost/moodle  Invalid Login Token:  student1  Mozilla/5.0 (Windows NT 10.0; Win64; x64) AppleWebKit/537.36 (KHTML, like Gecko) Chrome/142.0.0.0 Safari/537.36 Edg/142.0.0.0
[08-Dec-2025 03:23:23 UTC] PHP Parse error:  syntax error, unexpected end of file in C:\Apache24\htdocs\index.php on line 174
[08-Dec-2025 03:23:25 UTC] PHP Parse error:  syntax error, unexpected end of file in C:\Apache24\htdocs\index.php on line 174
[08-Dec-2025 03:23:25 UTC] PHP Parse error:  syntax error, unexpected end of file in C:\Apache24\htdocs\index.php on line 174
[08-Dec-2025 03:23:25 UTC] PHP Parse error:  syntax error, unexpected end of file in C:\Apache24\htdocs\index.php on line 174
[08-Dec-2025 03:25:32 UTC] PHP Warning:  Undefined array key "id" in C:\Apache24\htdocs\index.php on line 27
[08-Dec-2025 03:26:39 UTC] PHP Warning:  Undefined array key "id" in C:\Apache24\htdocs\index.php on line 27
[08-Dec-2025 03:28:24 UTC] PHP Warning:  Undefined array key "id" in C:\Apache24\htdocs\index.php on line 27
[08-Dec-2025 03:28:42 UTC] PHP Warning:  Undefined array key "id" in C:\Apache24\htdocs\index.php on line 27
[08-Dec-2025 03:34:34 UTC] PHP Warning:  Undefined array key "id" in C:\Apache24\htdocs\index.php on line 29
[08-Dec-2025 03:41:49 UTC] PHP Warning:  Undefined array key "id" in C:\Apache24\htdocs\index.php on line 26
[08-Dec-2025 03:45:08 UTC] PHP Warning:  Undefined array key "id" in C:\Apache24\htdocs\index.php on line 26
[08-Dec-2025 03:45:28 UTC] PHP Warning:  Undefined array key "id" in C:\Apache24\htdocs\index.php on line 26
[08-Dec-2025 05:50:41 UTC] PHP Warning:  Undefined array key "id" in C:\Apache24\htdocs\index.php on line 26
[08-Dec-2025 06:06:52 UTC] PHP Warning:  Undefined array key "id" in C:\Apache24\htdocs\index.php on line 27
[08-Dec-2025 06:08:11 UTC] PHP Warning:  Undefined array key "id" in C:\Apache24\htdocs\index.php on line 27
[08-Dec-2025 06:08:47 UTC] PHP Warning:  Undefined array key "id" in C:\Apache24\htdocs\index.php on line 27
[08-Dec-2025 06:15:31 UTC] PHP Warning:  Undefined array key "id" in C:\Apache24\htdocs\index.php on line 27
[08-Dec-2025 06:42:32 UTC] PHP Warning:  Undefined array key "id" in C:\Apache24\htdocs\index.php on line 22
[08-Dec-2025 06:47:13 UTC] PHP Warning:  Undefined array key "id" in C:\Apache24\htdocs\index.php on line 22
[08-Dec-2025 06:56:08 UTC] PHP Warning:  Undefined array key "id" in C:\Apache24\htdocs\index.php on line 22
[08-Dec-2025 06:59:38 UTC] PHP Warning:  Undefined array key "id" in C:\Apache24\htdocs\index.php on line 22
[08-Dec-2025 07:03:06 UTC] PHP Warning:  Undefined array key "id" in C:\Apache24\htdocs\index.php on line 22
[08-Dec-2025 07:09:27 UTC] PHP Warning:  Undefined array key "id" in C:\Apache24\htdocs\index.php on line 22
[08-Dec-2025 07:18:59 UTC] PHP Warning:  Undefined array key "id" in C:\Apache24\htdocs\index.php on line 22
[08-Dec-2025 07:25:08 UTC] PHP Warning:  Undefined array key "id" in C:\Apache24\htdocs\index.php on line 22
[08-Dec-2025 07:36:26 UTC] PHP Warning:  Undefined array key "id" in C:\Apache24\htdocs\index.php on line 22
[08-Dec-2025 08:56:46 UTC] PHP Warning:  Undefined array key "id" in C:\Apache24\htdocs\index.php on line 22
[09-Dec-2025 00:08:42 UTC] PHP Warning:  Undefined array key "id" in C:\Apache24\htdocs\index.php on line 22
[09-Dec-2025 00:32:07 UTC] PHP Warning:  Undefined array key "id" in C:\Apache24\htdocs\index.php on line 22
[09-Dec-2025 00:33:12 UTC] PHP Warning:  Undefined array key "id" in C:\Apache24\htdocs\index.php on line 22
[09-Dec-2025 00:42:49 UTC] PHP Warning:  Undefined array key "id" in C:\Apache24\htdocs\index.php on line 22
[09-Dec-2025 00:45:02 UTC] PHP Warning:  Undefined array key "id" in C:\Apache24\htdocs\index.php on line 22
[09-Dec-2025 00:57:21 UTC] PHP Warning:  Undefined array key "id" in C:\Apache24\htdocs\index.php on line 22
[09-Dec-2025 01:07:07 UTC] PHP Warning:  Undefined array key "id" in C:\Apache24\htdocs\index.php on line 23
[09-Dec-2025 01:11:29 UTC] PHP Warning:  Undefined array key "id" in C:\Apache24\htdocs\index.php on line 23
[09-Dec-2025 01:11:30 UTC] PHP Warning:  Undefined array key 0 in C:\Apache24\htdocs\index.php on line 60
[09-Dec-2025 01:11:30 UTC] PHP Warning:  Trying to access array offset on value of type null in C:\Apache24\htdocs\index.php on line 60
[09-Dec-2025 01:11:30 UTC] PHP Fatal error:  Uncaught TypeError: Cannot access offset of type string on string in C:\Apache24\htdocs\index.php:446
Stack trace:
#0 {main}
  thrown in C:\Apache24\htdocs\index.php on line 446
[09-Dec-2025 01:11:40 UTC] PHP Warning:  Undefined array key 0 in C:\Apache24\htdocs\index.php on line 60
[09-Dec-2025 01:11:40 UTC] PHP Warning:  Trying to access array offset on value of type null in C:\Apache24\htdocs\index.php on line 60
[09-Dec-2025 01:11:40 UTC] PHP Fatal error:  Uncaught TypeError: Cannot access offset of type string on string in C:\Apache24\htdocs\index.php:446
Stack trace:
#0 {main}
  thrown in C:\Apache24\htdocs\index.php on line 446
[09-Dec-2025 01:11:41 UTC] PHP Warning:  Undefined array key 0 in C:\Apache24\htdocs\index.php on line 60
[09-Dec-2025 01:11:41 UTC] PHP Warning:  Trying to access array offset on value of type null in C:\Apache24\htdocs\index.php on line 60
[09-Dec-2025 01:11:42 UTC] PHP Fatal error:  Uncaught TypeError: Cannot access offset of type string on string in C:\Apache24\htdocs\index.php:446
Stack trace:
#0 {main}
  thrown in C:\Apache24\htdocs\index.php on line 446
[09-Dec-2025 01:14:01 UTC] PHP Warning:  Undefined array key "id" in C:\Apache24\htdocs\index.php on line 23
[09-Dec-2025 01:14:48 UTC] PHP Warning:  Undefined array key 0 in C:\Apache24\htdocs\index.php on line 60
[09-Dec-2025 01:14:48 UTC] PHP Warning:  Trying to access array offset on value of type null in C:\Apache24\htdocs\index.php on line 60
[09-Dec-2025 01:14:48 UTC] PHP Fatal error:  Uncaught TypeError: Cannot access offset of type string on string in C:\Apache24\htdocs\index.php:446
Stack trace:
#0 {main}
  thrown in C:\Apache24\htdocs\index.php on line 446
[09-Dec-2025 01:14:56 UTC] PHP Warning:  Undefined array key "id" in C:\Apache24\htdocs\index.php on line 23
[09-Dec-2025 01:14:56 UTC] PHP Warning:  Undefined array key 0 in C:\Apache24\htdocs\index.php on line 60
[09-Dec-2025 01:14:56 UTC] PHP Warning:  Trying to access array offset on value of type null in C:\Apache24\htdocs\index.php on line 60
[09-Dec-2025 01:14:56 UTC] PHP Fatal error:  Uncaught TypeError: Cannot access offset of type string on string in C:\Apache24\htdocs\index.php:446
Stack trace:
#0 {main}
  thrown in C:\Apache24\htdocs\index.php on line 446
[09-Dec-2025 01:15:04 UTC] PHP Warning:  Undefined array key 0 in C:\Apache24\htdocs\index.php on line 60
[09-Dec-2025 01:15:04 UTC] PHP Warning:  Trying to access array offset on value of type null in C:\Apache24\htdocs\index.php on line 60
[09-Dec-2025 01:15:05 UTC] PHP Fatal error:  Uncaught TypeError: Cannot access offset of type string on string in C:\Apache24\htdocs\index.php:446
Stack trace:
#0 {main}
  thrown in C:\Apache24\htdocs\index.php on line 446
[09-Dec-2025 01:15:05 UTC] PHP Warning:  Undefined array key 0 in C:\Apache24\htdocs\index.php on line 60
[09-Dec-2025 01:15:05 UTC] PHP Warning:  Trying to access array offset on value of type null in C:\Apache24\htdocs\index.php on line 60
[09-Dec-2025 01:15:06 UTC] PHP Fatal error:  Uncaught TypeError: Cannot access offset of type string on string in C:\Apache24\htdocs\index.php:446
Stack trace:
#0 {main}
  thrown in C:\Apache24\htdocs\index.php on line 446
[09-Dec-2025 01:19:26 UTC] PHP Warning:  Undefined array key 0 in C:\Apache24\htdocs\index.php on line 60
[09-Dec-2025 01:19:26 UTC] PHP Warning:  Trying to access array offset on value of type null in C:\Apache24\htdocs\index.php on line 60
[09-Dec-2025 01:19:27 UTC] PHP Fatal error:  Uncaught TypeError: Cannot access offset of type string on string in C:\Apache24\htdocs\index.php:563
Stack trace:
#0 {main}
  thrown in C:\Apache24\htdocs\index.php on line 563
[09-Dec-2025 01:19:29 UTC] PHP Warning:  Undefined array key 0 in C:\Apache24\htdocs\index.php on line 60
[09-Dec-2025 01:19:29 UTC] PHP Warning:  Trying to access array offset on value of type null in C:\Apache24\htdocs\index.php on line 60
[09-Dec-2025 01:19:29 UTC] PHP Fatal error:  Uncaught TypeError: Cannot access offset of type string on string in C:\Apache24\htdocs\index.php:563
Stack trace:
#0 {main}
  thrown in C:\Apache24\htdocs\index.php on line 563
[09-Dec-2025 01:19:31 UTC] PHP Warning:  Undefined array key 0 in C:\Apache24\htdocs\index.php on line 60
[09-Dec-2025 01:19:31 UTC] PHP Warning:  Trying to access array offset on value of type null in C:\Apache24\htdocs\index.php on line 60
[09-Dec-2025 01:19:31 UTC] PHP Fatal error:  Uncaught TypeError: Cannot access offset of type string on string in C:\Apache24\htdocs\index.php:563
Stack trace:
#0 {main}
  thrown in C:\Apache24\htdocs\index.php on line 563
[09-Dec-2025 01:19:33 UTC] PHP Warning:  Undefined array key 0 in C:\Apache24\htdocs\index.php on line 60
[09-Dec-2025 01:19:33 UTC] PHP Warning:  Trying to access array offset on value of type null in C:\Apache24\htdocs\index.php on line 60
[09-Dec-2025 01:19:33 UTC] PHP Fatal error:  Uncaught TypeError: Cannot access offset of type string on string in C:\Apache24\htdocs\index.php:563
Stack trace:
#0 {main}
  thrown in C:\Apache24\htdocs\index.php on line 563
[09-Dec-2025 01:19:40 UTC] PHP Warning:  Undefined array key 0 in C:\Apache24\htdocs\index.php on line 60
[09-Dec-2025 01:19:40 UTC] PHP Warning:  Trying to access array offset on value of type null in C:\Apache24\htdocs\index.php on line 60
[09-Dec-2025 01:19:41 UTC] PHP Fatal error:  Uncaught TypeError: Cannot access offset of type string on string in C:\Apache24\htdocs\index.php:563
Stack trace:
#0 {main}
  thrown in C:\Apache24\htdocs\index.php on line 563
[09-Dec-2025 01:20:02 UTC] PHP Warning:  Undefined array key 0 in C:\Apache24\htdocs\index.php on line 60
[09-Dec-2025 01:20:02 UTC] PHP Warning:  Trying to access array offset on value of type null in C:\Apache24\htdocs\index.php on line 60
[09-Dec-2025 01:20:03 UTC] PHP Fatal error:  Uncaught TypeError: Cannot access offset of type string on string in C:\Apache24\htdocs\index.php:563
Stack trace:
#0 {main}
  thrown in C:\Apache24\htdocs\index.php on line 563
[09-Dec-2025 01:20:04 UTC] PHP Warning:  Undefined array key 0 in C:\Apache24\htdocs\index.php on line 60
[09-Dec-2025 01:20:04 UTC] PHP Warning:  Trying to access array offset on value of type null in C:\Apache24\htdocs\index.php on line 60
[09-Dec-2025 01:20:04 UTC] PHP Fatal error:  Uncaught TypeError: Cannot access offset of type string on string in C:\Apache24\htdocs\index.php:563
Stack trace:
#0 {main}
  thrown in C:\Apache24\htdocs\index.php on line 563
[09-Dec-2025 01:22:54 UTC] PHP Warning:  Undefined array key 0 in C:\Apache24\htdocs\index.php on line 58
[09-Dec-2025 01:22:54 UTC] PHP Warning:  Trying to access array offset on value of type null in C:\Apache24\htdocs\index.php on line 58
[09-Dec-2025 01:22:54 UTC] PHP Fatal error:  Uncaught TypeError: Cannot access offset of type string on string in C:\Apache24\htdocs\index.php:249
Stack trace:
#0 {main}
  thrown in C:\Apache24\htdocs\index.php on line 249
[09-Dec-2025 01:23:03 UTC] PHP Warning:  Undefined array key 0 in C:\Apache24\htdocs\index.php on line 58
[09-Dec-2025 01:23:03 UTC] PHP Warning:  Trying to access array offset on value of type null in C:\Apache24\htdocs\index.php on line 58
[09-Dec-2025 01:23:03 UTC] PHP Fatal error:  Uncaught TypeError: Cannot access offset of type string on string in C:\Apache24\htdocs\index.php:249
Stack trace:
#0 {main}
  thrown in C:\Apache24\htdocs\index.php on line 249
[09-Dec-2025 01:35:07 UTC] PHP Warning:  Undefined array key "id" in C:\Apache24\htdocs\index.php on line 22
[09-Dec-2025 01:35:13 UTC] PHP Warning:  Undefined array key "id" in C:\Apache24\htdocs\index.php on line 22
[09-Dec-2025 01:40:54 UTC] PHP Warning:  Undefined array key "id" in C:\Apache24\htdocs\index.php on line 22
[09-Dec-2025 01:43:25 UTC] PHP Warning:  Undefined array key "id" in C:\Apache24\htdocs\index.php on line 22
[09-Dec-2025 01:43:40 UTC] PHP Warning:  Undefined array key "id" in C:\Apache24\htdocs\index.php on line 22
[09-Dec-2025 01:45:02 UTC] PHP Warning:  Undefined array key "id" in C:\Apache24\htdocs\index.php on line 22
[09-Dec-2025 01:45:44 UTC] PHP Warning:  Undefined array key "id" in C:\Apache24\htdocs\index.php on line 22
[09-Dec-2025 01:45:54 UTC] PHP Warning:  Undefined array key "id" in C:\Apache24\htdocs\index.php on line 22
[09-Dec-2025 01:45:54 UTC] PHP Warning:  Undefined array key 0 in C:\Apache24\htdocs\index.php on line 58
[09-Dec-2025 01:45:54 UTC] PHP Warning:  Trying to access array offset on value of type null in C:\Apache24\htdocs\index.php on line 58
[09-Dec-2025 01:45:54 UTC] PHP Fatal error:  Uncaught TypeError: Cannot access offset of type string on string in C:\Apache24\htdocs\index.php:256
Stack trace:
#0 {main}
  thrown in C:\Apache24\htdocs\index.php on line 256
[09-Dec-2025 01:46:19 UTC] PHP Warning:  Undefined array key 0 in C:\Apache24\htdocs\index.php on line 58
[09-Dec-2025 01:46:19 UTC] PHP Warning:  Trying to access array offset on value of type null in C:\Apache24\htdocs\index.php on line 58
[09-Dec-2025 01:46:19 UTC] PHP Fatal error:  Uncaught TypeError: Cannot access offset of type string on string in C:\Apache24\htdocs\index.php:256
Stack trace:
#0 {main}
  thrown in C:\Apache24\htdocs\index.php on line 256
[09-Dec-2025 01:46:23 UTC] PHP Warning:  Undefined array key "id" in C:\Apache24\htdocs\index.php on line 22
[09-Dec-2025 01:46:24 UTC] PHP Warning:  Undefined array key 0 in C:\Apache24\htdocs\index.php on line 58
[09-Dec-2025 01:46:24 UTC] PHP Warning:  Trying to access array offset on value of type null in C:\Apache24\htdocs\index.php on line 58
[09-Dec-2025 01:46:24 UTC] PHP Fatal error:  Uncaught TypeError: Cannot access offset of type string on string in C:\Apache24\htdocs\index.php:256
Stack trace:
#0 {main}
  thrown in C:\Apache24\htdocs\index.php on line 256
[09-Dec-2025 01:47:01 UTC] PHP Warning:  Undefined array key 0 in C:\Apache24\htdocs\index.php on line 58
[09-Dec-2025 01:47:01 UTC] PHP Warning:  Trying to access array offset on value of type null in C:\Apache24\htdocs\index.php on line 58
[09-Dec-2025 01:47:01 UTC] PHP Fatal error:  Uncaught TypeError: Cannot access offset of type string on string in C:\Apache24\htdocs\index.php:256
Stack trace:
#0 {main}
  thrown in C:\Apache24\htdocs\index.php on line 256
[09-Dec-2025 01:47:16 UTC] PHP Warning:  Undefined array key "id" in C:\Apache24\htdocs\index.php on line 22
[09-Dec-2025 01:48:01 UTC] PHP Warning:  Undefined array key "id" in C:\Apache24\htdocs\index.php on line 22
[09-Dec-2025 01:52:55 UTC] PHP Warning:  Undefined array key "id" in C:\Apache24\htdocs\index.php on line 29
[09-Dec-2025 01:54:13 UTC] PHP Warning:  Undefined array key "id" in C:\Apache24\htdocs\index.php on line 29
[09-Dec-2025 01:54:39 UTC] PHP Warning:  Undefined array key "id" in C:\Apache24\htdocs\index.php on line 29
[09-Dec-2025 01:56:05 UTC] PHP Warning:  Undefined array key "id" in C:\Apache24\htdocs\index.php on line 29
[09-Dec-2025 01:57:49 UTC] PHP Warning:  Undefined array key "id" in C:\Apache24\htdocs\index.php on line 22
[09-Dec-2025 01:58:21 UTC] PHP Warning:  Undefined array key "id" in C:\Apache24\htdocs\index.php on line 22
[09-Dec-2025 03:12:53 UTC] PHP Warning:  Undefined array key "id" in C:\Apache24\htdocs\index.php on line 22
[09-Dec-2025 03:15:00 UTC] PHP Warning:  Undefined array key "id" in C:\Apache24\htdocs\index.php on line 22
[09-Dec-2025 03:17:46 UTC] PHP Warning:  Undefined array key "id" in C:\Apache24\htdocs\index.php on line 22
[09-Dec-2025 03:19:49 UTC] PHP Warning:  Undefined array key "id" in C:\Apache24\htdocs\index.php on line 22
[09-Dec-2025 03:20:02 UTC] PHP Warning:  Undefined array key "id" in C:\Apache24\htdocs\index.php on line 22
[09-Dec-2025 03:29:27 UTC] PHP Warning:  Undefined array key "id" in C:\Apache24\htdocs\index.php on line 22
[09-Dec-2025 03:31:38 UTC] PHP Warning:  Undefined array key "id" in C:\Apache24\htdocs\index.php on line 28
[09-Dec-2025 03:35:10 UTC] PHP Warning:  Undefined array key "id" in C:\Apache24\htdocs\index.php on line 28
[09-Dec-2025 03:40:06 UTC] PHP Warning:  Undefined array key "id" in C:\Apache24\htdocs\index.php on line 28
[09-Dec-2025 03:58:27 UTC] PHP Warning:  Undefined array key "id" in C:\Apache24\htdocs\index.php on line 28
[09-Dec-2025 03:59:31 UTC] PHP Warning:  Undefined array key "id" in C:\Apache24\htdocs\index.php on line 28
[09-Dec-2025 04:03:07 UTC] PHP Warning:  Undefined array key "id" in C:\Apache24\htdocs\index.php on line 28
[09-Dec-2025 04:03:22 UTC] PHP Warning:  Undefined array key "id" in C:\Apache24\htdocs\index.php on line 28
[09-Dec-2025 05:19:56 UTC] PHP Warning:  Undefined array key "id" in C:\Apache24\htdocs\index.php on line 28
[09-Dec-2025 09:13:03 UTC] PHP Warning:  Undefined array key "id" in C:\Apache24\htdocs\index.php on line 28
[10-Dec-2025 00:16:39 UTC] PHP Warning:  Undefined array key "id" in C:\Apache24\htdocs\index.php on line 28
[10-Dec-2025 00:32:35 UTC] PHP Warning:  Undefined array key "id" in C:\Apache24\htdocs\index.php on line 28
[10-Dec-2025 01:19:55 UTC] PHP Warning:  Undefined array key "id" in C:\Apache24\htdocs\index.php on line 28
[10-Dec-2025 01:34:44 UTC] PHP Warning:  Undefined array key "id" in C:\Apache24\htdocs\index.php on line 70
[10-Dec-2025 01:55:32 UTC] PHP Warning:  Undefined array key "id" in C:\Apache24\htdocs\index.php on line 70
[10-Dec-2025 01:58:54 UTC] PHP Warning:  Undefined array key "id" in C:\Apache24\htdocs\index.php on line 70
[10-Dec-2025 01:59:06 UTC] PHP Warning:  Undefined array key "id" in C:\Apache24\htdocs\index.php on line 70
[10-Dec-2025 02:00:40 UTC] PHP Warning:  Undefined array key "id" in C:\Apache24\htdocs\index.php on line 70
[10-Dec-2025 02:02:25 UTC] PHP Warning:  Undefined array key "id" in C:\Apache24\htdocs\index.php on line 70
[10-Dec-2025 05:08:58 UTC] PHP Fatal error:  Uncaught mysqli_sql_exception: The server requested authentication method unknown to the client [auth_gssapi_client] in C:\Apache24\htdocs\index.php:59
Stack trace:
#0 C:\Apache24\htdocs\index.php(59): mysqli->__construct()
#1 {main}
  thrown in C:\Apache24\htdocs\index.php on line 59
[10-Dec-2025 05:09:14 UTC] PHP Fatal error:  Uncaught mysqli_sql_exception: The server requested authentication method unknown to the client [auth_gssapi_client] in C:\Apache24\htdocs\index.php:59
Stack trace:
#0 C:\Apache24\htdocs\index.php(59): mysqli->__construct()
#1 {main}
  thrown in C:\Apache24\htdocs\index.php on line 59
[10-Dec-2025 05:11:36 UTC] PHP Fatal error:  Uncaught mysqli_sql_exception: The server requested authentication method unknown to the client [auth_gssapi_client] in C:\Apache24\htdocs\index.php:59
Stack trace:
#0 C:\Apache24\htdocs\index.php(59): mysqli->__construct()
#1 {main}
  thrown in C:\Apache24\htdocs\index.php on line 59
[10-Dec-2025 05:11:42 UTC] PHP Fatal error:  Uncaught mysqli_sql_exception: The server requested authentication method unknown to the client [auth_gssapi_client] in C:\Apache24\htdocs\index.php:59
Stack trace:
#0 C:\Apache24\htdocs\index.php(59): mysqli->__construct()
#1 {main}
  thrown in C:\Apache24\htdocs\index.php on line 59
[10-Dec-2025 05:17:14 UTC] PHP Fatal error:  Uncaught mysqli_sql_exception: The server requested authentication method unknown to the client [auth_gssapi_client] in C:\Apache24\htdocs\index.php:59
Stack trace:
#0 C:\Apache24\htdocs\index.php(59): mysqli->__construct()
#1 {main}
  thrown in C:\Apache24\htdocs\index.php on line 59
[10-Dec-2025 05:17:27 UTC] PHP Fatal error:  Uncaught mysqli_sql_exception: The server requested authentication method unknown to the client [auth_gssapi_client] in C:\Apache24\htdocs\index.php:59
Stack trace:
#0 C:\Apache24\htdocs\index.php(59): mysqli->__construct()
#1 {main}
  thrown in C:\Apache24\htdocs\index.php on line 59
[10-Dec-2025 05:17:41 UTC] PHP Fatal error:  Uncaught mysqli_sql_exception: The server requested authentication method unknown to the client [auth_gssapi_client] in C:\Apache24\htdocs\index.php:59
Stack trace:
#0 C:\Apache24\htdocs\index.php(59): mysqli->__construct()
#1 {main}
  thrown in C:\Apache24\htdocs\index.php on line 59
[10-Dec-2025 05:22:11 UTC] PHP Fatal error:  Uncaught mysqli_sql_exception: The server requested authentication method unknown to the client [auth_gssapi_client] in C:\Apache24\htdocs\index.php:59
Stack trace:
#0 C:\Apache24\htdocs\index.php(59): mysqli->__construct()
#1 {main}
  thrown in C:\Apache24\htdocs\index.php on line 59
[10-Dec-2025 05:22:19 UTC] PHP Fatal error:  Uncaught mysqli_sql_exception: The server requested authentication method unknown to the client [auth_gssapi_client] in C:\Apache24\htdocs\index.php:59
Stack trace:
#0 C:\Apache24\htdocs\index.php(59): mysqli->__construct()
#1 {main}
  thrown in C:\Apache24\htdocs\index.php on line 59
[10-Dec-2025 05:24:59 UTC] PHP Fatal error:  Uncaught mysqli_sql_exception: The server requested authentication method unknown to the client [auth_gssapi_client] in C:\Apache24\htdocs\index.php:59
Stack trace:
#0 C:\Apache24\htdocs\index.php(59): mysqli->__construct()
#1 {main}
  thrown in C:\Apache24\htdocs\index.php on line 59
[10-Dec-2025 05:25:12 UTC] PHP Fatal error:  Uncaught mysqli_sql_exception: The server requested authentication method unknown to the client [auth_gssapi_client] in C:\Apache24\htdocs\index.php:59
Stack trace:
#0 C:\Apache24\htdocs\index.php(59): mysqli->__construct()
#1 {main}
  thrown in C:\Apache24\htdocs\index.php on line 59
[10-Dec-2025 05:38:48 UTC] PHP Fatal error:  Uncaught mysqli_sql_exception: The server requested authentication method unknown to the client [auth_gssapi_client] in C:\Apache24\htdocs\index.php:59
Stack trace:
#0 C:\Apache24\htdocs\index.php(59): mysqli->__construct()
#1 {main}
  thrown in C:\Apache24\htdocs\index.php on line 59
[10-Dec-2025 13:38:56 Asia/Taipei] PHP Warning:  getimagesize(C:\moodledata/filedir/29/6f/296f1b12619c4dc78ad9554da8199123a55552f6): Failed to open stream: No such file or directory in C:\Apache24\htdocs\moodle\lib\filestorage\file_system.php on line 410
[10-Dec-2025 05:39:10 UTC] PHP Fatal error:  Uncaught mysqli_sql_exception: The server requested authentication method unknown to the client [auth_gssapi_client] in C:\Apache24\htdocs\index.php:59
Stack trace:
#0 C:\Apache24\htdocs\index.php(59): mysqli->__construct()
#1 {main}
  thrown in C:\Apache24\htdocs\index.php on line 59
[10-Dec-2025 05:43:17 UTC] PHP Fatal error:  Uncaught mysqli_sql_exception: The server requested authentication method unknown to the client [auth_gssapi_client] in C:\Apache24\htdocs\index.php:59
Stack trace:
#0 C:\Apache24\htdocs\index.php(59): mysqli->__construct()
#1 {main}
  thrown in C:\Apache24\htdocs\index.php on line 59
[10-Dec-2025 05:47:48 UTC] PHP Fatal error:  Uncaught mysqli_sql_exception: The server requested authentication method unknown to the client [auth_gssapi_client] in C:\Apache24\htdocs\index.php:59
Stack trace:
#0 C:\Apache24\htdocs\index.php(59): mysqli->__construct()
#1 {main}
  thrown in C:\Apache24\htdocs\index.php on line 59
[10-Dec-2025 05:53:13 UTC] PHP Warning:  Undefined array key "id" in C:\Apache24\htdocs\index.php on line 74
[10-Dec-2025 05:55:08 UTC] PHP Warning:  Undefined array key "id" in C:\Apache24\htdocs\index.php on line 74
[10-Dec-2025 06:02:39 UTC] PHP Warning:  Undefined array key "id" in C:\Apache24\htdocs\index.php on line 99
[10-Dec-2025 06:02:42 UTC] PHP Fatal error:  Uncaught TypeError: Cannot access offset of type string on string in C:\Apache24\htdocs\index.php:217
Stack trace:
#0 {main}
  thrown in C:\Apache24\htdocs\index.php on line 217
[10-Dec-2025 06:02:58 UTC] PHP Fatal error:  Uncaught TypeError: Cannot access offset of type string on string in C:\Apache24\htdocs\index.php:217
Stack trace:
#0 {main}
  thrown in C:\Apache24\htdocs\index.php on line 217
[10-Dec-2025 06:04:20 UTC] PHP Warning:  Undefined array key "id" in C:\Apache24\htdocs\index.php on line 99
[10-Dec-2025 06:09:23 UTC] PHP Warning:  Undefined array key "id" in C:\Apache24\htdocs\index.php on line 99
[10-Dec-2025 06:09:25 UTC] PHP Fatal error:  Uncaught TypeError: Cannot access offset of type string on string in C:\Apache24\htdocs\index.php:217
Stack trace:
#0 {main}
  thrown in C:\Apache24\htdocs\index.php on line 217
[10-Dec-2025 06:09:32 UTC] PHP Fatal error:  Uncaught TypeError: Cannot access offset of type string on string in C:\Apache24\htdocs\index.php:217
Stack trace:
#0 {main}
  thrown in C:\Apache24\htdocs\index.php on line 217
[10-Dec-2025 06:11:08 UTC] PHP Warning:  Undefined array key "id" in C:\Apache24\htdocs\index.php on line 99
[10-Dec-2025 06:19:16 UTC] PHP Warning:  Undefined array key "id" in C:\Apache24\htdocs\index.php on line 99
[10-Dec-2025 06:19:39 UTC] PHP Warning:  Undefined array key "id" in C:\Apache24\htdocs\index.php on line 99
[10-Dec-2025 06:19:51 UTC] PHP Warning:  Undefined array key "id" in C:\Apache24\htdocs\index.php on line 99
[10-Dec-2025 06:20:00 UTC] PHP Warning:  Undefined array key "id" in C:\Apache24\htdocs\index.php on line 99
[10-Dec-2025 06:20:01 UTC] PHP Fatal error:  Uncaught TypeError: Cannot access offset of type string on string in C:\Apache24\htdocs\index.php:217
Stack trace:
#0 {main}
  thrown in C:\Apache24\htdocs\index.php on line 217
[10-Dec-2025 06:20:03 UTC] PHP Fatal error:  Uncaught TypeError: Cannot access offset of type string on string in C:\Apache24\htdocs\index.php:217
Stack trace:
#0 {main}
  thrown in C:\Apache24\htdocs\index.php on line 217
[10-Dec-2025 06:20:06 UTC] PHP Fatal error:  Uncaught TypeError: Cannot access offset of type string on string in C:\Apache24\htdocs\index.php:217
Stack trace:
#0 {main}
  thrown in C:\Apache24\htdocs\index.php on line 217
[10-Dec-2025 06:20:09 UTC] PHP Fatal error:  Uncaught TypeError: Cannot access offset of type string on string in C:\Apache24\htdocs\index.php:217
Stack trace:
#0 {main}
  thrown in C:\Apache24\htdocs\index.php on line 217
[10-Dec-2025 06:20:10 UTC] PHP Fatal error:  Uncaught TypeError: Cannot access offset of type string on string in C:\Apache24\htdocs\index.php:217
Stack trace:
#0 {main}
  thrown in C:\Apache24\htdocs\index.php on line 217
[10-Dec-2025 06:20:11 UTC] PHP Fatal error:  Uncaught TypeError: Cannot access offset of type string on string in C:\Apache24\htdocs\index.php:217
Stack trace:
#0 {main}
  thrown in C:\Apache24\htdocs\index.php on line 217
[10-Dec-2025 06:20:12 UTC] PHP Fatal error:  Uncaught TypeError: Cannot access offset of type string on string in C:\Apache24\htdocs\index.php:217
Stack trace:
#0 {main}
  thrown in C:\Apache24\htdocs\index.php on line 217
[10-Dec-2025 06:20:30 UTC] PHP Warning:  Undefined array key "id" in C:\Apache24\htdocs\index.php on line 99
[10-Dec-2025 06:20:41 UTC] PHP Warning:  Undefined array key "id" in C:\Apache24\htdocs\index.php on line 99
[10-Dec-2025 06:21:22 UTC] PHP Warning:  Undefined array key "id" in C:\Apache24\htdocs\index.php on line 99
[10-Dec-2025 06:21:23 UTC] PHP Fatal error:  Uncaught TypeError: Cannot access offset of type string on string in C:\Apache24\htdocs\index.php:217
Stack trace:
#0 {main}
  thrown in C:\Apache24\htdocs\index.php on line 217
[10-Dec-2025 06:21:30 UTC] PHP Fatal error:  Uncaught TypeError: Cannot access offset of type string on string in C:\Apache24\htdocs\index.php:217
Stack trace:
#0 {main}
  thrown in C:\Apache24\htdocs\index.php on line 217
[10-Dec-2025 06:22:59 UTC] PHP Fatal error:  Uncaught TypeError: Cannot access offset of type string on string in C:\Apache24\htdocs\index.php:217
Stack trace:
#0 {main}
  thrown in C:\Apache24\htdocs\index.php on line 217
[10-Dec-2025 06:23:04 UTC] PHP Fatal error:  Uncaught TypeError: Cannot access offset of type string on string in C:\Apache24\htdocs\index.php:217
Stack trace:
#0 {main}
  thrown in C:\Apache24\htdocs\index.php on line 217
[10-Dec-2025 06:23:20 UTC] PHP Fatal error:  Uncaught TypeError: Cannot access offset of type string on string in C:\Apache24\htdocs\index.php:217
Stack trace:
#0 {main}
  thrown in C:\Apache24\htdocs\index.php on line 217
[10-Dec-2025 06:23:48 UTC] PHP Warning:  Undefined array key "id" in C:\Apache24\htdocs\index.php on line 99
[10-Dec-2025 06:29:15 UTC] PHP Warning:  Undefined array key "id" in C:\Apache24\htdocs\index.php on line 78
[10-Dec-2025 06:29:16 UTC] PHP Fatal error:  Uncaught TypeError: Cannot access offset of type string on string in C:\Apache24\htdocs\index.php:183
Stack trace:
#0 {main}
  thrown in C:\Apache24\htdocs\index.php on line 183
[10-Dec-2025 06:29:19 UTC] PHP Fatal error:  Uncaught TypeError: Cannot access offset of type string on string in C:\Apache24\htdocs\index.php:183
Stack trace:
#0 {main}
  thrown in C:\Apache24\htdocs\index.php on line 183
[10-Dec-2025 06:29:22 UTC] PHP Fatal error:  Uncaught TypeError: Cannot access offset of type string on string in C:\Apache24\htdocs\index.php:183
Stack trace:
#0 {main}
  thrown in C:\Apache24\htdocs\index.php on line 183
[10-Dec-2025 06:29:23 UTC] PHP Fatal error:  Uncaught TypeError: Cannot access offset of type string on string in C:\Apache24\htdocs\index.php:183
Stack trace:
#0 {main}
  thrown in C:\Apache24\htdocs\index.php on line 183
[10-Dec-2025 06:29:40 UTC] PHP Warning:  Undefined array key "id" in C:\Apache24\htdocs\index.php on line 78
[10-Dec-2025 06:32:31 UTC] PHP Warning:  Undefined array key "id" in C:\Apache24\htdocs\index.php on line 78
[10-Dec-2025 06:32:46 UTC] PHP Warning:  Undefined array key "id" in C:\Apache24\htdocs\index.php on line 78
[10-Dec-2025 06:33:38 UTC] PHP Warning:  Undefined array key "id" in C:\Apache24\htdocs\index.php on line 78
[10-Dec-2025 06:34:33 UTC] PHP Warning:  Undefined array key "id" in C:\Apache24\htdocs\index.php on line 78
[10-Dec-2025 06:43:47 UTC] PHP Warning:  Undefined array key "id" in C:\Apache24\htdocs\index.php on line 78
[10-Dec-2025 06:50:11 UTC] PHP Warning:  Undefined array key "id" in C:\Apache24\htdocs\index.php on line 78
